Seed = 404./atyrode.filler won!
= Scores =
P1: 1
P2:0
The winner is:./atyrode.fillerSeed = 404./atyrode.filler won!
= Scores =
P1: 1
P2:0
The winner is:./atyrode.fillerSeed = 404./atyrode.filler won!
= Scores =
P1: 1
P2:0
The winner is:./atyrode.fillerSeed = 404./atyrode.filler won!
= Scores =
P1: 1
P2:0
The winner is:./atyrode.fillerSeed = 404./atyrode.filler won!
= Scores =
P1: 1
P2:0
The winner is:./atyrode.fillerSeed = 404./atyrode.filler won!
= Scores =
P1: 1
P2:0
The winner is:./atyrode.fillerSeed = 404./atyrode.filler won!
= Scores =
P1: 1
P2:0
The winner is:./atyrode.fillerSeed = 404./atyrode.filler won!
= Scores =
P1: 1
P2:0
The winner is:./atyrode.fillerSeed = 404./atyrode.filler won!
= Scores =
P1: 1
P2:0
The winner is:./atyrode.fillerSeed = 404./atyrode.filler won!
= Scores =
P1: 1
P2:0
The winner is:./atyrode.fillerSeed = 404./atyrode.filler won!
= Scores =
P1: 1
P2:0
The winner is:./atyrode.fillerSeed = 404./atyrode.filler won!
= Scores =
P1: 1
P2:0
The winner is:./atyrode.fillerSeed = 404./atyrode.filler won!
= Scores =
P1: 1
P2:0
The winner is:./atyrode.fillerSeed = 404./atyrode.filler won!
= Scores =
P1: 1
P2:0
The winner is:./atyrode.fillerSeed = 404./atyrode.filler won!
= Scores =
P1: 1
P2:0
The winner is:./atyrode.fillerSeed = 404./atyrode.filler won!
= Scores =
P1: 1
P2:0
The winner is:./atyrode.fillerSeed = 404./atyrode.filler won!
= Scores =
P1: 1
P2:0
The winner is:./atyrode.fillerSeed = 404./atyrode.filler won!
= Scores =
P1: 1
P2:0
The winner is:./atyrode.fillerSeed = 404Seed = 404./atyrode.filler won!
= Scores =
P1: 1
P2:0
The winner is:./atyrode.fillerSeed = 404./atyrode.filler won!
= Scores =
P1: 39
P2:0
The winner is:./atyrode.fillerSeed = 404./atyrode.filler won!
= Scores =
P1: 39
P2:0
The winner is:./atyrode.fillerSeed = 404./atyrode.filler won!
= Scores =
P1: 39
P2:0
The winner is:./atyrode.fillerSeed = 404./atyrode.filler won!
= Scores =
P1: 39
P2:0
The winner is:./atyrode.fillerSeed = 404./atyrode.filler won!
= Scores =
P1: 39
P2:0
The winner is:./atyrode.fillerSeed = 404./atyrode.filler won!
= Scores =
P1: 39
P2:0
The winner is:./atyrode.fillerSeed = 404./atyrode.filler won!
= Scores =
P1: 55
P2:54
The winner is:./atyrode.fillerSeed = 404./atyrode.filler won!
= Scores =
P1: 55
P2:54
The winner is:./atyrode.fillerSeed = 404./atyrode.filler won!
= Scores =
P1: 55
P2:54
The winner is:./atyrode.fillerSeed = 404./atyrode.filler won!
= Scores =
P1: 55
P2:54
The winner is:./atyrode.fillerSeed = 404./atyrode.filler won!
= Scores =
P1: 55
P2:54
The winner is:./atyrode.fillerSeed = 404./atyrode.filler won!
= Scores =
P1: 55
P2:54
The winner is:./atyrode.fillerSeed = 404./atyrode.filler won!
= Scores =
P1: 55
P2:54
The winner is:./atyrode.fillerSeed = 404./atyrode.filler won!
= Scores =
P1: 55
P2:54
The winner is:./atyrode.fillerSeed = 404./atyrode.filler won!
= Scores =
P1: 55
P2:54
The winner is:./atyrode.fillerSeed = 404./atyrode.filler won!
= Scores =
P1: 55
P2:54
The winner is:./atyrode.fillerSeed = 404./atyrode.filler won!
= Scores =
P1: 55
P2:54
The winner is:./atyrode.fillerSeed = 404./atyrode.filler won!
= Scores =
P1: 55
P2:54
The winner is:./atyrode.fillerSeed = 404./atyrode.filler won!
= Scores =
P1: 55
P2:54
The winner is:./atyrode.fillerSeed = 404
Player 'X' answered: ['-1 -1\n']
assets/players/rbeaufre.filler won!
= Scores =
P1: 58
P2:131
The winner is:assets/players/rbeaufre.fillerSeed = 404Seed = 404Seed = 404Seed = 404Seed = 404Seed = 404Seed = 404Seed = 404Seed = 404Seed = 404Seed = 404Seed = 404Seed = 404Seed = 404Seed = 404Seed = 404Seed = 404Seed = 404Seed = 404Seed = 404Seed = 404Seed = 404Seed = 404Seed = 404Seed = 404Seed = 4699Seed = 1019Seed = 5569Seed = 1286Seed = 4874Seed = 6885Seed = 7269Seed = 7877Seed = 3315Seed = 5803Seed = 8249Seed = 4544Seed = 6724Seed = 9655Seed = 4274Seed = 285Seed = 826Seed = 7838Seed = 6382Seed = 405Seed = 405Seed = 406Seed = 406Seed = 406Seed = 406Seed = 406Seed = 406Seed = 406Seed = 406
Player 'O' (rbeaufre) answered: ['-1 -1\n']
assets/players/rbeaufre.filler won!
= Scores =
P1: 199
P2:85
The winner is:assets/players/rbeaufre.fillerSeed = 406Seed = 406Seed = 406Seed = 406Seed = 406Seed = 406
Player 'O' (rbeaufre) answered: ['-1 -1\n']
./atyrode.filler won!
= Scores =
P1: 1
P2:1
The winner is:./atyrode.fillerSeed = 406Seed = 406Seed = 406
Player 'O' (rbeaufre) answered: ['-1 -1\n']
./atyrode.filler won!
= Scores =
P1: 1
P2:1
The winner is:./atyrode.fillerSeed = 406Seed = 406
Player 'O' (rbeaufre) answered: ['-1 -1\n']
assets/players/rbeaufre.filler won!
= Scores =
P1: 192
P2:98
The winner is:assets/players/rbeaufre.fillerSeed = 406Seed = 406Player 'O' (rbeaufre) answered: ['-1 -1\n']
assets/players/rbeaufre.filler won!
= Scores =
P1: 192
P2:98
The winner is:assets/players/rbeaufre.fillerSeed = 406Player 'O' (rbeaufre) answered: ['-1 -1\n']
assets/players/rbeaufre.filler won!
= Scores =
P1: 192
P2:98
The winner is:assets/players/rbeaufre.fillerSeed = 406Player 'O' (rbeaufre) answered: ['-1 -1\n']
assets/players/rbeaufre.filler won!
= Scores =
P1: 192
P2:98
The winner is:assets/players/rbeaufre.fillerSeed = 406Player 'O' (rbeaufre) answered: ['-1 -1\n']
assets/players/rbeaufre.filler won!
= Scores =
P1: 192
P2:98
The winner is:assets/players/rbeaufre.fillerSeed = 406Player 'O' (rbeaufre) answered: ['-1 -1\n']
assets/players/rbeaufre.filler won!
= Scores =
P1: 192
P2:98
The winner is:assets/players/rbeaufre.fillerSeed = 406Player 'O' (rbeaufre) answered: ['-1 -1\n']
assets/players/rbeaufre.filler won!
= Scores =
P1: 192
P2:98
The winner is:assets/players/rbeaufre.fillerSeed = 406Player 'O' (rbeaufre) answered: ['-1 -1\n']
assets/players/rbeaufre.filler won!
= Scores =
P1: 192
P2:98
The winner is:assets/players/rbeaufre.fillerSeed = 8386Player 'O' (rbeaufre) answered: ['-1 -1\n']
assets/players/rbeaufre.filler won!
= Scores =
P1: 203
P2:93
The winner is:assets/players/rbeaufre.fillerSeed = 2605Player 'O' (rbeaufre) answered: ['-1 -1\n']
./atyrode.filler won!
= Scores =
P1: 1
P2:369
The winner is:./atyrode.fillerSeed = 1045Player 'O' (rbeaufre) answered: ['-1 -1\n']
assets/players/rbeaufre.filler won!
= Scores =
P1: 258
P2:64
The winner is:assets/players/rbeaufre.fillerSeed = 9265Player 'O' (rbeaufre) answered: ['-1 -1\n']
./atyrode.filler won!
= Scores =
P1: 137
P2:199
The winner is:./atyrode.fillerSeed = 5085Player 'O' (rbeaufre) answered: ['-1 -1\n']
assets/players/rbeaufre.filler won!
= Scores =
P1: 209
P2:88
The winner is:assets/players/rbeaufre.fillerSeed = 1874Player 'O' (rbeaufre) answered: ['-1 -1\n']
./atyrode.filler won!
= Scores =
P1: 2
P2:360
The winner is:./atyrode.fillerSeed = 5285Player 'O' (rbeaufre) answered: ['-1 -1\n']
assets/players/rbeaufre.filler won!
= Scores =
P1: 168
P2:121
The winner is:assets/players/rbeaufre.fillerSeed = 5972Player 'O' (rbeaufre) answered: ['-1 -1\n']
assets/players/rbeaufre.filler won!
= Scores =
P1: 226
P2:138
The winner is:assets/players/rbeaufre.fillerSeed = 3066Player 'O' (rbeaufre) answered: ['-1 -1\n']
assets/players/rbeaufre.filler won!
= Scores =
P1: 224
P2:95
The winner is:assets/players/rbeaufre.fillerSeed = 266Seed = 4948Seed = 4678Seed = 6427Seed = 78Seed = 4667Seed = 5260Player 'O' (rbeaufre) answered: ['-1 -1\n']
Seed = 7943Seed = 5741Seed = 4789Player 'O' (rbeaufre) answered: ['-1 -1\n']
assets/players/rbeaufre.filler won!
= Scores =
P1: 246
P2:95
The winner is:assets/players/rbeaufre.fillerSeed = 4279Player 'O' (rbeaufre) answered: ['-1 -1\n']
assets/players/rbeaufre.filler won!
= Scores =
P1: 163
P2:161
The winner is:assets/players/rbeaufre.fillerSeed = 358Player 'O' (rbeaufre) answered: ['-1 -1\n']
assets/players/rbeaufre.filler won!
= Scores =
P1: 233
P2:76
The winner is:assets/players/rbeaufre.fillerSeed = 322Player 'O' (rbeaufre) answered: ['-1 -1\n']
assets/players/rbeaufre.filler won!
= Scores =
P1: 201
P2:87
The winner is:assets/players/rbeaufre.fillerSeed = 2305Seed = 2519Player 'O' (rbeaufre) answered: ['']
./atyrode.filler won!
= Scores =
P1: 0
P2:0
The winner is:./atyrode.fillerSeed = 7703Player 'O' (rbeaufre) answered: ['']
./atyrode.filler won!
= Scores =
P1: 0
P2:0
The winner is:./atyrode.fillerSeed = 8106Player 'O' (rbeaufre) answered: ['-1 -1\n']
assets/players/rbeaufre.filler won!
= Scores =
P1: 209
P2:98
The winner is:assets/players/rbeaufre.fillerSeed = 402Player 'O' (rbeaufre) answered: ['-1 -1\n']
./atyrode.filler won!
= Scores =
P1: 0
P2:380
The winner is:./atyrode.fillerSeed = 8342Player 'O' (rbeaufre) answered: ['-1 -1\n']
assets/players/rbeaufre.filler won!
= Scores =
P1: 213
P2:135
The winner is:assets/players/rbeaufre.fillerSeed = 5853Player 'O' (rbeaufre) answered: ['-1 -1\n']
./atyrode.filler won!
= Scores =
P1: 0
P2:378
The winner is:./atyrode.fillerSeed = 8600Player 'O' (rbeaufre) answered: ['-1 -1\n']
./atyrode.filler won!
= Scores =
P1: 94
P2:262
The winner is:./atyrode.fillerSeed = 4640Player 'O' (rbeaufre) answered: ['-1 -1\n']
assets/players/rbeaufre.filler won!
= Scores =
P1: 233
P2:101
The winner is:assets/players/rbeaufre.fillerSeed = 5199Player 'O' (rbeaufre) answered: ['-1 -1\n']
./atyrode.filler won!
= Scores =
P1: 153
P2:158
The winner is:./atyrode.fillerSeed = 6903Player 'O' (rbeaufre) answered: ['-1 -1\n']
./atyrode.filler won!
= Scores =
P1: 125
P2:141
The winner is:./atyrode.fillerSeed = 2041Player 'O' (rbeaufre) answered: ['-1 -1\n']
assets/players/rbeaufre.filler won!
= Scores =
P1: 214
P2:122
The winner is:assets/players/rbeaufre.fillerSeed = 2189Player 'O' (rbeaufre) answered: ['-1 -1\n']
Seed = 5181Player 'O' (rbeaufre) answered: ['-1 -1\n']
./atyrode.filler won!
= Scores =
P1: 85
P2:95
The winner is:./atyrode.fillerSeed = 215Player 'O' (rbeaufre) answered: ['-1 -1\n']
assets/players/rbeaufre.filler won!
= Scores =
P1: 127
P2:39
The winner is:assets/players/rbeaufre.fillerSeed = 1159Player 'O' (rbeaufre) answered: ['-1 -1\n']
assets/players/rbeaufre.filler won!
= Scores =
P1: 146
P2:27
The winner is:assets/players/rbeaufre.fillerSeed = 7355Player 'O' (rbeaufre) answered: ['-1 -1\n']
assets/players/rbeaufre.filler won!
= Scores =
P1: 142
P2:31
The winner is:assets/players/rbeaufre.fillerSeed = 6682Player 'O' (rbeaufre) answered: ['-1 -1\n']
assets/players/rbeaufre.filler won!
= Scores =
P1: 148
P2:41
The winner is:assets/players/rbeaufre.fillerSeed = 5181Player 'O' (rbeaufre) answered: ['-1 -1\n']
./atyrode.filler won!
= Scores =
P1: 85
P2:95
The winner is:./atyrode.fillerSeed = 4524Player 'O' (rbeaufre) answered: ['-1 -1\n']
assets/players/rbeaufre.filler won!
= Scores =
P1: 131
P2:45
The winner is:assets/players/rbeaufre.fillerSeed = 1085Player 'O' (rbeaufre) answered: ['-1 -1\n']
assets/players/rbeaufre.filler won!
= Scores =
P1: 220
P2:119
The winner is:assets/players/rbeaufre.fillerSeed = 3936Player 'O' (rbeaufre) answered: ['-1 -1\n']
./atyrode.filler won!
= Scores =
P1: 139
P2:178
The winner is:./atyrode.fillerSeed = 7865Player 'O' (rbeaufre) answered: ['-1 -1\n']
assets/players/rbeaufre.filler won!
= Scores =
P1: 196
P2:97
The winner is:assets/players/rbeaufre.fillerSeed = 853Player 'O' (rbeaufre) answered: ['-1 -1\n']
assets/players/rbeaufre.filler won!
= Scores =
P1: 244
P2:116
The winner is:assets/players/rbeaufre.fillerSeed = 2509Player 'O' (rbeaufre) answered: ['-1 -1\n']
assets/players/rbeaufre.filler won!
= Scores =
P1: 207
P2:105
The winner is:assets/players/rbeaufre.fillerSeed = 1849Player 'O' (rbeaufre) answered: ['-1 -1\n']
assets/players/rbeaufre.filler won!
= Scores =
P1: 217
P2:86
The winner is:assets/players/rbeaufre.fillerSeed = 4506Player 'X' (rbeaufre) answered: ['-1 -1\n']
assets/players/rbeaufre.filler won!
= Scores =
P1: 83
P2:257
The winner is:assets/players/rbeaufre.fillerSeed = 6928Player 'X' (rbeaufre) answered: ['-1 -1\n']
assets/players/rbeaufre.filler won!
= Scores =
P1: 71
P2:220
The winner is:assets/players/rbeaufre.fillerSeed = 313Player 'X' (rbeaufre) answered: ['-1 -1\n']
assets/players/rbeaufre.filler won!
= Scores =
P1: 87
P2:256
The winner is:assets/players/rbeaufre.fillerSeed = 6627Player 'X' (rbeaufre) answered: ['-1 -1\n']
assets/players/rbeaufre.filler won!
= Scores =
P1: 36
P2:260
The winner is:assets/players/rbeaufre.fillerSeed = 3979Player 'X' (rbeaufre) answered: ['-1 -1\n']
assets/players/rbeaufre.filler won!
= Scores =
P1: 76
P2:151
The winner is:assets/players/rbeaufre.fillerSeed = 6230Player 'X' (rbeaufre) answered: ['-1 -1\n']
assets/players/rbeaufre.filler won!
= Scores =
P1: 103
P2:246
The winner is:assets/players/rbeaufre.fillerSeed = 6513Player 'X' (rbeaufre) answered: ['-1 -1\n']
assets/players/rbeaufre.filler won!
= Scores =
P1: 0
P2:262
The winner is:assets/players/rbeaufre.fillerSeed = 460Player 'X' (rbeaufre) answered: ['-1 -1\n']
assets/players/rbeaufre.filler won!
= Scores =
P1: 80
P2:222
The winner is:assets/players/rbeaufre.fillerSeed = 8169Player 'X' (rbeaufre) answered: ['-1 -1\n']
./atyrode.filler won!
= Scores =
P1: 179
P2:162
The winner is:./atyrode.fillerSeed = 9880Player 'X' (rbeaufre) answered: ['-1 -1\n']
assets/players/rbeaufre.filler won!
= Scores =
P1: 57
P2:252
The winner is:assets/players/rbeaufre.fillerSeed = 4458Player 'X' (rbeaufre) answered: ['-1 -1\n']
assets/players/rbeaufre.filler won!
= Scores =
P1: 67
P2:237
The winner is:assets/players/rbeaufre.fillerSeed = 220Player 'X' (rbeaufre) answered: ['-1 -1\n']
assets/players/rbeaufre.filler won!
= Scores =
P1: 136
P2:219
The winner is:assets/players/rbeaufre.fillerSeed = 3505Player 'X' (rbeaufre) answered: ['-1 -1\n']
assets/players/rbeaufre.filler won!
= Scores =
P1: 46
P2:206
The winner is:assets/players/rbeaufre.fillerSeed = 7853Player 'X' (rbeaufre) answered: ['-1 -1\n']
assets/players/rbeaufre.filler won!
= Scores =
P1: 61
P2:240
The winner is:assets/players/rbeaufre.fillerSeed = 2711Player 'X' (rbeaufre) answered: ['-1 -1\n']
assets/players/rbeaufre.filler won!
= Scores =
P1: 126
P2:220
The winner is:assets/players/rbeaufre.fillerSeed = 7455Player 'X' (rbeaufre) answered: ['-1 -1\n']
assets/players/rbeaufre.filler won!
= Scores =
P1: 78
P2:249
The winner is:assets/players/rbeaufre.fillerSeed = 2147Player 'X' (rbeaufre) answered: ['-1 -1\n']
assets/players/rbeaufre.filler won!
= Scores =
P1: 45
P2:242
The winner is:assets/players/rbeaufre.fillerSeed = 2942Player 'X' (rbeaufre) answered: ['-1 -1\n']
assets/players/rbeaufre.filler won!
= Scores =
P1: 68
P2:257
The winner is:assets/players/rbeaufre.fillerSeed = 5552Player 'X' (rbeaufre) answered: ['-1 -1\n']
assets/players/rbeaufre.filler won!
= Scores =
P1: 85
P2:251
The winner is:assets/players/rbeaufre.fillerSeed = 8739Player 'X' (rbeaufre) answered: ['-1 -1\n']
assets/players/rbeaufre.filler won!
= Scores =
P1: 131
P2:193
The winner is:assets/players/rbeaufre.fillerSeed = 9592Player 'X' (rbeaufre) answered: ['-1 -1\n']
assets/players/rbeaufre.filler won!
= Scores =
P1: 103
P2:233
The winner is:assets/players/rbeaufre.fillerSeed = 5349Player 'X' (rbeaufre) answered: ['-1 -1\n']
assets/players/rbeaufre.filler won!
= Scores =
P1: 90
P2:242
The winner is:assets/players/rbeaufre.fillerSeed = 1220Player 'X' (rbeaufre) answered: ['-1 -1\n']
assets/players/rbeaufre.filler won!
= Scores =
P1: 47
P2:281
The winner is:assets/players/rbeaufre.fillerSeed = 3412Player 'X' (rbeaufre) answered: ['-1 -1\n']
assets/players/rbeaufre.filler won!
= Scores =
P1: 78
P2:247
The winner is:assets/players/rbeaufre.fillerSeed = 1428Player 'X' (rbeaufre) answered: ['-1 -1\n']
assets/players/rbeaufre.filler won!
= Scores =
P1: 1
P2:273
The winner is:assets/players/rbeaufre.fillerSeed = 6181Player 'X' (rbeaufre) answered: ['-1 -1\n']
assets/players/rbeaufre.filler won!
= Scores =
P1: 154
P2:188
The winner is:assets/players/rbeaufre.fillerSeed = 6952Player 'X' (rbeaufre) answered: ['-1 -1\n']
assets/players/rbeaufre.filler won!
= Scores =
P1: 0
P2:260
The winner is:assets/players/rbeaufre.fillerSeed = 6727Player 'X' (rbeaufre) answered: ['-1 -1\n']
assets/players/rbeaufre.filler won!
= Scores =
P1: 60
P2:250
The winner is:assets/players/rbeaufre.fillerSeed = 8858Player 'X' (rbeaufre) answered: ['-1 -1\n']
assets/players/rbeaufre.filler won!
= Scores =
P1: 58
P2:275
The winner is:assets/players/rbeaufre.fillerSeed = 367Player 'X' (rbeaufre) answered: ['-1 -1\n']
assets/players/rbeaufre.filler won!
= Scores =
P1: 2
P2:287
The winner is:assets/players/rbeaufre.fillerSeed = 27Player 'X' (rbeaufre) answered: ['-1 -1\n']
assets/players/rbeaufre.filler won!
= Scores =
P1: 53
P2:217
The winner is:assets/players/rbeaufre.fillerSeed = 5438Player 'X' (rbeaufre) answered: ['-1 -1\n']
assets/players/rbeaufre.filler won!
= Scores =
P1: 72
P2:289
The winner is:assets/players/rbeaufre.fillerSeed = 7298Player 'X' (rbeaufre) answered: ['-1 -1\n']
assets/players/rbeaufre.filler won!
= Scores =
P1: 62
P2:237
The winner is:assets/players/rbeaufre.fillerSeed = 2162Player 'X' (rbeaufre) answered: ['-1 -1\n']
assets/players/rbeaufre.filler won!
= Scores =
P1: 100
P2:201
The winner is:assets/players/rbeaufre.fillerSeed = 2974Player 'X' (rbeaufre) answered: ['-1 -1\n']
assets/players/rbeaufre.filler won!
= Scores =
P1: 88
P2:223
The winner is:assets/players/rbeaufre.fillerSeed = 6279Player 'X' (rbeaufre) answered: ['-1 -1\n']
assets/players/rbeaufre.filler won!
= Scores =
P1: 75
P2:239
The winner is:assets/players/rbeaufre.fillerSeed = 2120Player 'X' (rbeaufre) answered: ['-1 -1\n']
assets/players/rbeaufre.filler won!
= Scores =
P1: 102
P2:241
The winner is:assets/players/rbeaufre.fillerSeed = 3417Player 'X' (rbeaufre) answered: ['-1 -1\n']
assets/players/rbeaufre.filler won!
= Scores =
P1: 73
P2:216
The winner is:assets/players/rbeaufre.fillerSeed = 8402Player 'X' (rbeaufre) answered: ['-1 -1\n']
assets/players/rbeaufre.filler won!
= Scores =
P1: 0
P2:299
The winner is:assets/players/rbeaufre.fillerSeed = 4727Seed = 3405Seed = 5056Seed = 7338Seed = 6827Seed = 9941Seed = 8785Seed = 2637Seed = 6522Seed = 3461Seed = 8069Seed = 7159Seed = 5437Seed = 596